2018-06-06 22:10:30,309 INFO  [Log] **************************************************************************************** 
2018-06-06 22:10:30,311 INFO  [Log] **************************************************************************************** 
2018-06-06 22:10:30,311 INFO  [Log] $$$$$$$$$$$$$$$$$$$$$                 HomePageTest       $$$$$$$$$$$$$$$$$$$$$$$$$ 
2018-06-06 22:10:30,311 INFO  [Log] **************************************************************************************** 
2018-06-06 22:10:30,311 INFO  [Log] **************************************************************************************** 
2018-06-06 22:10:30,311 INFO  [Log] Chrome Driver path is set. 
2018-06-06 22:10:31,847 INFO  [Log] Chrome Driver instance created. 
2018-06-06 22:10:31,854 INFO  [Log] Implicit Wait for 10 sec. 
2018-06-06 22:10:35,515 INFO  [Log] Opened www.paytm.com. 
2018-06-06 22:10:35,636 INFO  [Log] Window is maximized 
2018-06-06 22:10:35,636 INFO  [Log] openPaytm() method is called. 
2018-06-06 22:10:35,664 INFO  [Log] PageFactory.initElements method is called. 
2018-06-06 22:10:35,797 INFO  [Log] Data send to search input box. 
2018-06-06 22:10:35,797 INFO  [Log] XXXXXXXXXXXXXXXXXXXXXXX             -E---N---D-             XXXXXXXXXXXXXXXXXXXXXX 
2018-06-06 22:10:35,797 INFO  [Log] X 
2018-06-06 22:10:35,797 INFO  [Log] X 
2018-06-06 22:10:35,797 INFO  [Log] X 
2018-06-06 22:10:35,797 INFO  [Log] X 
2018-06-06 22:12:34,039 INFO  [Log] **************************************************************************************** 
2018-06-06 22:12:34,040 INFO  [Log] **************************************************************************************** 
2018-06-06 22:12:34,040 INFO  [Log] $$$$$$$$$$$$$$$$$$$$$                 HomePageTest       $$$$$$$$$$$$$$$$$$$$$$$$$ 
2018-06-06 22:12:34,040 INFO  [Log] **************************************************************************************** 
2018-06-06 22:12:34,040 INFO  [Log] **************************************************************************************** 
2018-06-06 22:12:34,040 INFO  [Log] Chrome Driver path is set. 
2018-06-06 22:12:35,348 INFO  [Log] Chrome Driver instance created. 
2018-06-06 22:12:35,356 INFO  [Log] Implicit Wait for 10 sec. 
2018-06-06 22:12:38,324 INFO  [Log] Opened www.paytm.com. 
2018-06-06 22:12:38,431 INFO  [Log] Window is maximized 
2018-06-06 22:12:38,456 INFO  [Log] PageFactory.initElements method is called. 
2018-06-06 22:12:38,579 INFO  [Log] Data send to search input box. 
2018-06-06 22:12:38,579 INFO  [Log] XXXXXXXXXXXXXXXXXXXXXXX             -E---N---D-             XXXXXXXXXXXXXXXXXXXXXX 
2018-06-06 22:12:38,579 INFO  [Log] X 
2018-06-06 22:12:38,579 INFO  [Log] X 
2018-06-06 22:12:38,579 INFO  [Log] X 
2018-06-06 22:12:38,579 INFO  [Log] X 
2018-06-06 22:13:42,189 INFO  [Log] **************************************************************************************** 
2018-06-06 22:13:42,189 INFO  [Log] **************************************************************************************** 
2018-06-06 22:13:42,190 INFO  [Log] $$$$$$$$$$$$$$$$$$$$$                 HomePageTest       $$$$$$$$$$$$$$$$$$$$$$$$$ 
2018-06-06 22:13:42,190 INFO  [Log] **************************************************************************************** 
2018-06-06 22:13:42,190 INFO  [Log] **************************************************************************************** 
2018-06-06 22:13:42,190 INFO  [Log] Chrome Driver path is set. 
2018-06-06 22:13:43,556 INFO  [Log] Chrome Driver instance created. 
2018-06-06 22:13:43,564 INFO  [Log] Implicit Wait for 10 sec. 
2018-06-06 22:13:46,769 INFO  [Log] Opened www.paytm.com. 
2018-06-06 22:13:46,879 INFO  [Log] Window is maximized 
2018-06-06 22:13:46,910 INFO  [Log] PageFactory.initElements method is called. 
2018-06-06 22:13:47,081 INFO  [Log] Data send to search input box. 
2018-06-06 22:13:47,081 INFO  [Log] XXXXXXXXXXXXXXXXXXXXXXX             -E---N---D-             XXXXXXXXXXXXXXXXXXXXXX 
2018-06-06 22:13:47,081 INFO  [Log] X 
2018-06-06 22:13:47,081 INFO  [Log] X 
2018-06-06 22:13:47,081 INFO  [Log] X 
2018-06-06 22:13:47,081 INFO  [Log] X 
2018-06-06 22:22:45,205 INFO  [Log] **************************************************************************************** 
2018-06-06 22:22:45,228 INFO  [Log] **************************************************************************************** 
2018-06-06 22:22:45,228 INFO  [Log] $$$$$$$$$$$$$$$$$$$$$                 HomePageTest       $$$$$$$$$$$$$$$$$$$$$$$$$ 
2018-06-06 22:22:45,228 INFO  [Log] **************************************************************************************** 
2018-06-06 22:22:45,228 INFO  [Log] **************************************************************************************** 
2018-06-06 22:22:45,228 INFO  [Log] Chrome Driver path is set. 
2018-06-06 22:22:54,425 INFO  [Log] Chrome Driver instance created. 
2018-06-06 22:22:54,525 INFO  [Log] Implicit Wait for 10 sec. 
2018-06-06 22:22:57,321 INFO  [Log] Opened www.paytm.com. 
2018-06-06 22:22:57,430 INFO  [Log] Window is maximized 
2018-06-06 22:22:57,456 INFO  [Log] PageFactory.initElements method is called. 
2018-06-06 22:22:57,569 INFO  [Log] Data send to search input box. 
2018-06-06 22:22:57,569 INFO  [Log] XXXXXXXXXXXXXXXXXXXXXXX             -E---N---D-             XXXXXXXXXXXXXXXXXXXXXX 
2018-06-06 22:22:57,569 INFO  [Log] X 
2018-06-06 22:22:57,569 INFO  [Log] X 
2018-06-06 22:22:57,569 INFO  [Log] X 
2018-06-06 22:22:57,570 INFO  [Log] X 
2018-06-06 23:10:18,501 INFO  [Log] **************************************************************************************** 
2018-06-06 23:10:18,502 INFO  [Log] **************************************************************************************** 
2018-06-06 23:10:18,502 INFO  [Log] $$$$$$$$$$$$$$$$$$$$$                 HomePageTest       $$$$$$$$$$$$$$$$$$$$$$$$$ 
2018-06-06 23:10:18,502 INFO  [Log] **************************************************************************************** 
2018-06-06 23:10:18,502 INFO  [Log] **************************************************************************************** 
2018-06-06 23:10:18,502 INFO  [Log] Chrome Driver path is set. 
2018-06-06 23:10:19,708 INFO  [Log] Chrome Driver instance created. 
2018-06-06 23:10:19,720 INFO  [Log] Implicit Wait for 10 sec. 
2018-06-06 23:10:23,156 INFO  [Log] Opened www.paytm.com. 
2018-06-06 23:10:23,267 INFO  [Log] Window is maximized 
2018-06-06 23:10:23,284 INFO  [Log] PageFactory.initElements method is called. 
2018-06-06 23:10:33,391 ERROR [Log] Search Input Box not found 
2018-06-06 23:10:33,392 INFO  [Log] Data send to search input box. 
2018-06-06 23:10:33,392 INFO  [Log] Test case passed 
2018-06-06 23:10:33,392 INFO  [Log] XXXXXXXXXXXXXXXXXXXXXXX             -E---N---D-             XXXXXXXXXXXXXXXXXXXXXX 
2018-06-06 23:10:33,392 INFO  [Log] X 
2018-06-06 23:10:33,392 INFO  [Log] X 
2018-06-06 23:10:33,392 INFO  [Log] X 
2018-06-06 23:10:33,393 INFO  [Log] X 
2018-06-06 23:14:43,777 INFO  [Log] **************************************************************************************** 
2018-06-06 23:14:43,777 INFO  [Log] **************************************************************************************** 
2018-06-06 23:14:43,778 INFO  [Log] $$$$$$$$$$$$$$$$$$$$$                 HomePageTest       $$$$$$$$$$$$$$$$$$$$$$$$$ 
2018-06-06 23:14:43,778 INFO  [Log] **************************************************************************************** 
2018-06-06 23:14:43,778 INFO  [Log] **************************************************************************************** 
2018-06-06 23:14:43,778 INFO  [Log] Chrome Driver path is set. 
2018-06-06 23:14:45,074 INFO  [Log] Chrome Driver instance created. 
2018-06-06 23:14:45,083 INFO  [Log] Implicit Wait for 10 sec. 
2018-06-06 23:14:47,926 INFO  [Log] Opened www.paytm.com. 
2018-06-06 23:14:48,034 INFO  [Log] Window is maximized 
2018-06-06 23:14:48,054 INFO  [Log] PageFactory.initElements method is called. 
2018-06-06 23:14:58,138 ERROR [Log] Search Input Box not found 
2018-06-07 00:17:25,325 INFO  [Log] **************************************************************************************** 
2018-06-07 00:17:25,326 INFO  [Log] **************************************************************************************** 
2018-06-07 00:17:25,326 INFO  [Log] $$$$$$$$$$$$$$$$$$$$$                 HomePageTest       $$$$$$$$$$$$$$$$$$$$$$$$$ 
2018-06-07 00:17:25,326 INFO  [Log] **************************************************************************************** 
2018-06-07 00:17:25,326 INFO  [Log] **************************************************************************************** 
2018-06-07 00:17:25,326 INFO  [Log] Chrome Driver path is set. 
2018-06-07 00:17:27,807 INFO  [Log] Chrome Driver instance created. 
2018-06-07 00:17:27,813 INFO  [Log] Implicit Wait for 10 sec. 
2018-06-07 00:17:30,902 INFO  [Log] Opened www.paytm.com. 
2018-06-07 00:17:31,010 INFO  [Log] Window is maximized 
2018-06-07 00:17:31,038 INFO  [Log] PageFactory.initElements method is called. 
2018-06-07 00:17:31,154 INFO  [Log] Data send to search input box. 
2018-06-07 00:17:31,154 INFO  [Log] Test case passed 
2018-06-07 00:17:31,154 INFO  [Log] XXXXXXXXXXXXXXXXXXXXXXX             -E---N---D-             XXXXXXXXXXXXXXXXXXXXXX 
2018-06-07 00:17:31,154 INFO  [Log] X 
2018-06-07 00:17:31,154 INFO  [Log] X 
2018-06-07 00:17:31,154 INFO  [Log] X 
2018-06-07 00:17:31,154 INFO  [Log] X 
2018-06-07 00:18:42,229 INFO  [Log] **************************************************************************************** 
2018-06-07 00:18:42,230 INFO  [Log] **************************************************************************************** 
2018-06-07 00:18:42,230 INFO  [Log] $$$$$$$$$$$$$$$$$$$$$                 HomePageTest       $$$$$$$$$$$$$$$$$$$$$$$$$ 
2018-06-07 00:18:42,230 INFO  [Log] **************************************************************************************** 
2018-06-07 00:18:42,230 INFO  [Log] **************************************************************************************** 
2018-06-07 00:18:42,230 INFO  [Log] Chrome Driver path is set. 
2018-06-07 00:18:43,439 INFO  [Log] Chrome Driver instance created. 
2018-06-07 00:18:43,447 INFO  [Log] Implicit Wait for 10 sec. 
2018-06-07 00:18:46,796 INFO  [Log] Opened www.paytm.com. 
2018-06-07 00:18:46,903 INFO  [Log] Window is maximized 
2018-06-07 00:18:46,932 INFO  [Log] PageFactory.initElements method is called. 
2018-06-07 00:18:47,062 INFO  [Log] Data send to search input box. 
2018-06-07 00:18:47,062 INFO  [Log] Test case passed 
2018-06-07 00:18:47,062 INFO  [Log] XXXXXXXXXXXXXXXXXXXXXXX             -E---N---D-             XXXXXXXXXXXXXXXXXXXXXX 
2018-06-07 00:18:47,062 INFO  [Log] X 
2018-06-07 00:18:47,062 INFO  [Log] X 
2018-06-07 00:18:47,062 INFO  [Log] X 
2018-06-07 00:18:47,062 INFO  [Log] X 
